  [1m[36mSQL (1.0ms)[0m  [1mCREATE EXTENSION IF NOT EXISTS "plpgsql"[0m
  [1m[35m (13.0ms)[0m  CREATE TABLE "pins" ("id" serial primary key, "title" character varying, "url" character varying, "text" text, "slug" character varying, "resource_type" character varying) 
  [1m[36m (3.0ms)[0m  [1mCREATE TABLE "schema_migrations" ("version" character varying NOT NULL) [0m
  [1m[35m (2.0ms)[0m  CREATE UNIQUE INDEX  "unique_schema_migrations" ON "schema_migrations"  ("version")
  [1m[36m (0.0ms)[0m  [1mSELECT version FROM "schema_migrations"[0m
  [1m[35m (1.0ms)[0m  INSERT INTO "schema_migrations" (version) VALUES ('20150320022457')
  [1m[36m (1.0ms)[0m  [1mINSERT INTO "schema_migrations" (version) VALUES ('20150318194553')[0m
  [1m[35mSQL (0.0ms)[0m  CREATE EXTENSION IF NOT EXISTS "plpgsql"
  [1m[36m (7.0ms)[0m  [1mCREATE TABLE "pins" ("id" serial primary key, "title" character varying, "url" character varying, "text" text, "slug" character varying, "resource_type" character varying) [0m
  [1m[35m (2.0ms)[0m  CREATE TABLE "schema_migrations" ("version" character varying NOT NULL) 
  [1m[36m (2.0ms)[0m  [1mCREATE UNIQUE INDEX  "unique_schema_migrations" ON "schema_migrations"  ("version")[0m
  [1m[35m (1.0ms)[0m  SELECT version FROM "schema_migrations"
  [1m[36m (0.0ms)[0m  [1mINSERT INTO "schema_migrations" (version) VALUES ('20150320022457')[0m
  [1m[35m (0.0ms)[0m  INSERT INTO "schema_migrations" (version) VALUES ('20150318194553')
  [1m[36mActiveRecord::SchemaMigration Load (0.0ms)[0m  [1mSELECT "schema_migrations".* FROM "schema_migrations"[0m
  [1m[35m (0.0ms)[0m  BEGIN
  [1m[36mPin Exists (2.0ms)[0m  [1mSELECT  1 AS one FROM "pins" WHERE "pins"."slug" = 'rails-tutorial' LIMIT 1[0m
  [1m[35mSQL (0.0ms)[0m  INSERT INTO "pins" ("title", "url", "text", "slug", "resource_type") VALUES ($1, $2, $3, $4, $5) RETURNING "id"  [["title", "Rails Tutorial"], ["url", "https://www.railstutorial.org/"], ["text", "The trusted standard in self-directed introductions to Ruby on Rails. A complete treatment of all the essentials\n    required in most production Rails applications."], ["slug", "rails-tutorial"], ["resource_type", "rails"]]
  [1m[36m (0.0ms)[0m  [1mCOMMIT[0m
  [1m[35m (0.0ms)[0m  BEGIN
  [1m[36mPin Exists (0.0ms)[0m  [1mSELECT  1 AS one FROM "pins" WHERE "pins"."slug" = 'rails-for-zombies' LIMIT 1[0m
  [1m[35mSQL (1.0ms)[0m  INSERT INTO "pins" ("title", "url", "text", "slug", "resource_type") VALUES ($1, $2, $3, $4, $5) RETURNING "id"  [["title", "Rails for Zombies"], ["url", "http://railsforzombies.org"], ["text", "A fun, gamified way to hone your Rails skills! Come on...who doesn't like fighting zombies?!"], ["slug", "rails-for-zombies"], ["resource_type", "rails"]]
  [1m[36m (0.0ms)[0m  [1mCOMMIT[0m
  [1m[35m (1.0ms)[0m  BEGIN
  [1m[36mPin Exists (1.0ms)[0m  [1mSELECT  1 AS one FROM "pins" WHERE "pins"."slug" = 'try-ruby' LIMIT 1[0m
  [1m[35mSQL (0.0ms)[0m  INSERT INTO "pins" ("title", "url", "text", "slug", "resource_type") VALUES ($1, $2, $3, $4, $5) RETURNING "id"  [["title", "Try Ruby"], ["url", "http://tryruby.org/"], ["text", "An interactive, in-browser tutorial for the Ruby programming language. A thorough walkthrough of \n    Ruby's nuances, geared toward beginners."], ["slug", "try-ruby"], ["resource_type", "ruby"]]
  [1m[36m (0.0ms)[0m  [1mCOMMIT[0m
  [1m[35m (0.0ms)[0m  BEGIN
  [1m[36mPin Exists (0.0ms)[0m  [1mSELECT  1 AS one FROM "pins" WHERE "pins"."slug" = 'ruby-quiz' LIMIT 1[0m
  [1m[35mSQL (0.0ms)[0m  INSERT INTO "pins" ("title", "url", "text", "slug", "resource_type") VALUES ($1, $2, $3, $4, $5) RETURNING "id"  [["title", "Ruby Quiz"], ["url", "http://rubyquiz.org"], ["text", "A collection of quizzes on the Ruby programming language."], ["slug", "ruby-quiz"], ["resource_type", "ruby"]]
  [1m[36m (0.0ms)[0m  [1mCOMMIT[0m
  [1m[35m (0.0ms)[0m  BEGIN
  [1m[36mPin Exists (0.0ms)[0m  [1mSELECT  1 AS one FROM "pins" WHERE "pins"."slug" = 'ga-ror-for-developers' LIMIT 1[0m
  [1m[35mSQL (0.0ms)[0m  INSERT INTO "pins" ("title", "url", "text", "slug", "resource_type") VALUES ($1, $2, $3, $4, $5) RETURNING "id"  [["title", "Ruby on Rails for Developers"], ["url", "https://github.com/generalassembly/ga-ruby-on-rails-for-devs"], ["text", "Somewhat advanced curriculum, but the exercises are also good for anyone who is motivated and \n    self-guided with experience."], ["slug", "ga-ror-for-developers"], ["resource_type", "rails"]]
  [1m[36m (0.0ms)[0m  [1mCOMMIT[0m
  [1m[35m (0.0ms)[0m  BEGIN
  [1m[36mPin Exists (0.0ms)[0m  [1mSELECT  1 AS one FROM "pins" WHERE "pins"."slug" = 'ruby-monk' LIMIT 1[0m
  [1m[35mSQL (1.0ms)[0m  INSERT INTO "pins" ("title", "url", "text", "slug", "resource_type") VALUES ($1, $2, $3, $4, $5) RETURNING "id"  [["title", "Ruby Monk"], ["url", "http://rubymonk.com"], ["text", "The Ruby Primer is a free interactive book that helps you learn Ruby. Discover Ruby idioms, learn \n    lessons and solve problems, all in your browser!"], ["slug", "ruby-monk"], ["resource_type", "ruby"]]
  [1m[36m (0.0ms)[0m  [1mCOMMIT[0m


Started GET "/" for 127.0.0.1 at 2016-03-10 20:19:52 -0500
  [1m[36mActiveRecord::SchemaMigration Load (1.0ms)[0m  [1mSELECT "schema_migrations".* FROM "schema_migrations"[0m
Processing by PinsController#index as HTML
  [1m[35mPin Load (1.0ms)[0m  SELECT "pins".* FROM "pins"
  Rendered pins/index.erb within layouts/application (13.0ms)
Completed 500 Internal Server Error in 3040ms

ActionView::Template::Error (TypeError: Object doesn't support this property or method):
    3: <head>
    4:   <title>Coder Pinterest</title>
    5:   <link rel="stylesheet" href="//maxcdn.bootstrapcdn.com/font-awesome/4.3.0/css/font-awesome.min.css">
    6:   <%= stylesheet_link_tag    'application', media: 'all', 'data-turbolinks-track' => true %>
    7:   <%= javascript_include_tag 'application', 'data-turbolinks-track' => true %>
    8:   <%= csrf_meta_tags %>
    9: </head>
  app/views/layouts/application.html.erb:6:in `_app_views_layouts_application_html_erb__415017372_66427180'


  Rendered C:/Ruby22-x64/lib/ruby/gems/2.2.0/gems/actionpack-4.2.0/lib/action_dispatch/middleware/templates/rescues/_source.erb (1.0ms)
  Rendered C:/Ruby22-x64/lib/ruby/gems/2.2.0/gems/actionpack-4.2.0/lib/action_dispatch/middleware/templates/rescues/_trace.html.erb (6.0ms)
  Rendered C:/Ruby22-x64/lib/ruby/gems/2.2.0/gems/actionpack-4.2.0/lib/action_dispatch/middleware/templates/rescues/_request_and_response.html.erb (1.0ms)
  Rendered C:/Ruby22-x64/lib/ruby/gems/2.2.0/gems/actionpack-4.2.0/lib/action_dispatch/middleware/templates/rescues/template_error.html.erb within rescues/layout (842.0ms)
  Rendered C:/Ruby22-x64/lib/ruby/gems/2.2.0/gems/web-console-2.3.0/lib/web_console/templates/_markup.html.erb (1.0ms)
  Rendered C:/Ruby22-x64/lib/ruby/gems/2.2.0/gems/web-console-2.3.0/lib/web_console/templates/_inner_console_markup.html.erb within layouts/inlined_string (0.0ms)
  Rendered C:/Ruby22-x64/lib/ruby/gems/2.2.0/gems/web-console-2.3.0/lib/web_console/templates/_prompt_box_markup.html.erb within layouts/inlined_string (0.0ms)
  Rendered C:/Ruby22-x64/lib/ruby/gems/2.2.0/gems/web-console-2.3.0/lib/web_console/templates/style.css.erb within layouts/inlined_string (0.0ms)
  Rendered C:/Ruby22-x64/lib/ruby/gems/2.2.0/gems/web-console-2.3.0/lib/web_console/templates/console.js.erb within layouts/javascript (770.0ms)
  Rendered C:/Ruby22-x64/lib/ruby/gems/2.2.0/gems/web-console-2.3.0/lib/web_console/templates/main.js.erb within layouts/javascript (0.0ms)
  Rendered C:/Ruby22-x64/lib/ruby/gems/2.2.0/gems/web-console-2.3.0/lib/web_console/templates/error_page.js.erb within layouts/javascript (1.0ms)
  Rendered C:/Ruby22-x64/lib/ruby/gems/2.2.0/gems/web-console-2.3.0/lib/web_console/templates/index.html.erb (1739.1ms)


Started GET "/" for 127.0.0.1 at 2016-03-10 20:21:43 -0500
Processing by PinsController#index as HTML
  [1m[36mPin Load (0.0ms)[0m  [1mSELECT "pins".* FROM "pins"[0m
  Rendered pins/index.erb within layouts/application (3.0ms)
Completed 200 OK in 87ms (Views: 86.6ms | ActiveRecord: 0.0ms)


Started GET "/javascripts/default.js" for 127.0.0.1 at 2016-03-10 20:21:43 -0500

ActionController::RoutingError (No route matches [GET] "/javascripts/default.js"):
  actionpack (4.2.0) lib/action_dispatch/middleware/debug_exceptions.rb:21:in `call'
  web-console (2.3.0) lib/web_console/middleware.rb:28:in `block in call'
  web-console (2.3.0) lib/web_console/middleware.rb:18:in `catch'
  web-console (2.3.0) lib/web_console/middleware.rb:18:in `call'
  actionpack (4.2.0) lib/action_dispatch/middleware/show_exceptions.rb:30:in `call'
  railties (4.2.0) lib/rails/rack/logger.rb:38:in `call_app'
  railties (4.2.0) lib/rails/rack/logger.rb:20:in `block in call'
  activesupport (4.2.0) lib/active_support/tagged_logging.rb:68:in `block in tagged'
  activesupport (4.2.0) lib/active_support/tagged_logging.rb:26:in `tagged'
  activesupport (4.2.0) lib/active_support/tagged_logging.rb:68:in `tagged'
  railties (4.2.0) lib/rails/rack/logger.rb:20:in `call'
  actionpack (4.2.0) lib/action_dispatch/middleware/request_id.rb:21:in `call'
  rack (1.6.4) lib/rack/methodoverride.rb:22:in `call'
  rack (1.6.4) lib/rack/runtime.rb:18:in `call'
  activesupport (4.2.0) lib/active_support/cache/strategy/local_cache_middleware.rb:28:in `call'
  rack (1.6.4) lib/rack/lock.rb:17:in `call'
  actionpack (4.2.0) lib/action_dispatch/middleware/static.rb:113:in `call'
  rack (1.6.4) lib/rack/sendfile.rb:113:in `call'
  railties (4.2.0) lib/rails/engine.rb:518:in `call'
  railties (4.2.0) lib/rails/application.rb:164:in `call'
  rack (1.6.4) lib/rack/content_length.rb:15:in `call'
  puma (3.1.0) lib/puma/configuration.rb:227:in `call'
  puma (3.1.0) lib/puma/server.rb:561:in `handle_request'
  puma (3.1.0) lib/puma/server.rb:406:in `process_client'
  puma (3.1.0) lib/puma/server.rb:271:in `block in run'
  puma (3.1.0) lib/puma/thread_pool.rb:111:in `call'
  puma (3.1.0) lib/puma/thread_pool.rb:111:in `block in spawn_thread'


  Rendered C:/Ruby22-x64/lib/ruby/gems/2.2.0/gems/actionpack-4.2.0/lib/action_dispatch/middleware/templates/rescues/_trace.html.erb (2.0ms)
  Rendered C:/Ruby22-x64/lib/ruby/gems/2.2.0/gems/actionpack-4.2.0/lib/action_dispatch/middleware/templates/routes/_route.html.erb (0.0ms)
  Rendered C:/Ruby22-x64/lib/ruby/gems/2.2.0/gems/actionpack-4.2.0/lib/action_dispatch/middleware/templates/routes/_table.html.erb (14.0ms)
  Rendered C:/Ruby22-x64/lib/ruby/gems/2.2.0/gems/actionpack-4.2.0/lib/action_dispatch/middleware/templates/rescues/_request_and_response.html.erb (2.0ms)
  Rendered C:/Ruby22-x64/lib/ruby/gems/2.2.0/gems/actionpack-4.2.0/lib/action_dispatch/middleware/templates/rescues/routing_error.html.erb within rescues/layout (1073.0ms)
  Rendered C:/Ruby22-x64/lib/ruby/gems/2.2.0/gems/web-console-2.3.0/lib/web_console/templates/_markup.html.erb (0.0ms)
  Rendered C:/Ruby22-x64/lib/ruby/gems/2.2.0/gems/web-console-2.3.0/lib/web_console/templates/_inner_console_markup.html.erb within layouts/inlined_string (0.0ms)
  Rendered C:/Ruby22-x64/lib/ruby/gems/2.2.0/gems/web-console-2.3.0/lib/web_console/templates/_prompt_box_markup.html.erb within layouts/inlined_string (0.0ms)
  Rendered C:/Ruby22-x64/lib/ruby/gems/2.2.0/gems/web-console-2.3.0/lib/web_console/templates/style.css.erb within layouts/inlined_string (0.0ms)
  Rendered C:/Ruby22-x64/lib/ruby/gems/2.2.0/gems/web-console-2.3.0/lib/web_console/templates/console.js.erb within layouts/javascript (766.0ms)
  Rendered C:/Ruby22-x64/lib/ruby/gems/2.2.0/gems/web-console-2.3.0/lib/web_console/templates/main.js.erb within layouts/javascript (0.0ms)
  Rendered C:/Ruby22-x64/lib/ruby/gems/2.2.0/gems/web-console-2.3.0/lib/web_console/templates/error_page.js.erb within layouts/javascript (0.0ms)
  Rendered C:/Ruby22-x64/lib/ruby/gems/2.2.0/gems/web-console-2.3.0/lib/web_console/templates/index.html.erb (1728.1ms)


Started GET "/stylesheets/default.css" for 127.0.0.1 at 2016-03-10 20:21:47 -0500

ActionController::RoutingError (No route matches [GET] "/stylesheets/default.css"):
  actionpack (4.2.0) lib/action_dispatch/middleware/debug_exceptions.rb:21:in `call'
  web-console (2.3.0) lib/web_console/middleware.rb:28:in `block in call'
  web-console (2.3.0) lib/web_console/middleware.rb:18:in `catch'
  web-console (2.3.0) lib/web_console/middleware.rb:18:in `call'
  actionpack (4.2.0) lib/action_dispatch/middleware/show_exceptions.rb:30:in `call'
  railties (4.2.0) lib/rails/rack/logger.rb:38:in `call_app'
  railties (4.2.0) lib/rails/rack/logger.rb:20:in `block in call'
  activesupport (4.2.0) lib/active_support/tagged_logging.rb:68:in `block in tagged'
  activesupport (4.2.0) lib/active_support/tagged_logging.rb:26:in `tagged'
  activesupport (4.2.0) lib/active_support/tagged_logging.rb:68:in `tagged'
  railties (4.2.0) lib/rails/rack/logger.rb:20:in `call'
  actionpack (4.2.0) lib/action_dispatch/middleware/request_id.rb:21:in `call'
  rack (1.6.4) lib/rack/methodoverride.rb:22:in `call'
  rack (1.6.4) lib/rack/runtime.rb:18:in `call'
  activesupport (4.2.0) lib/active_support/cache/strategy/local_cache_middleware.rb:28:in `call'
  rack (1.6.4) lib/rack/lock.rb:17:in `call'
  actionpack (4.2.0) lib/action_dispatch/middleware/static.rb:113:in `call'
  rack (1.6.4) lib/rack/sendfile.rb:113:in `call'
  railties (4.2.0) lib/rails/engine.rb:518:in `call'
  railties (4.2.0) lib/rails/application.rb:164:in `call'
  rack (1.6.4) lib/rack/content_length.rb:15:in `call'
  puma (3.1.0) lib/puma/configuration.rb:227:in `call'
  puma (3.1.0) lib/puma/server.rb:561:in `handle_request'
  puma (3.1.0) lib/puma/server.rb:406:in `process_client'
  puma (3.1.0) lib/puma/server.rb:271:in `block in run'
  puma (3.1.0) lib/puma/thread_pool.rb:111:in `call'
  puma (3.1.0) lib/puma/thread_pool.rb:111:in `block in spawn_thread'


  Rendered C:/Ruby22-x64/lib/ruby/gems/2.2.0/gems/actionpack-4.2.0/lib/action_dispatch/middleware/templates/rescues/_trace.html.erb (2.0ms)
  Rendered C:/Ruby22-x64/lib/ruby/gems/2.2.0/gems/actionpack-4.2.0/lib/action_dispatch/middleware/templates/routes/_route.html.erb (1.0ms)
  Rendered C:/Ruby22-x64/lib/ruby/gems/2.2.0/gems/actionpack-4.2.0/lib/action_dispatch/middleware/templates/routes/_table.html.erb (1.0ms)
  Rendered C:/Ruby22-x64/lib/ruby/gems/2.2.0/gems/actionpack-4.2.0/lib/action_dispatch/middleware/templates/rescues/_request_and_response.html.erb (1.0ms)
  Rendered C:/Ruby22-x64/lib/ruby/gems/2.2.0/gems/actionpack-4.2.0/lib/action_dispatch/middleware/templates/rescues/routing_error.html.erb within rescues/layout (1097.1ms)
  Rendered C:/Ruby22-x64/lib/ruby/gems/2.2.0/gems/web-console-2.3.0/lib/web_console/templates/_markup.html.erb (0.0ms)
  Rendered C:/Ruby22-x64/lib/ruby/gems/2.2.0/gems/web-console-2.3.0/lib/web_console/templates/_inner_console_markup.html.erb within layouts/inlined_string (0.0ms)
  Rendered C:/Ruby22-x64/lib/ruby/gems/2.2.0/gems/web-console-2.3.0/lib/web_console/templates/_prompt_box_markup.html.erb within layouts/inlined_string (0.0ms)
  Rendered C:/Ruby22-x64/lib/ruby/gems/2.2.0/gems/web-console-2.3.0/lib/web_console/templates/style.css.erb within layouts/inlined_string (1.0ms)
  Rendered C:/Ruby22-x64/lib/ruby/gems/2.2.0/gems/web-console-2.3.0/lib/web_console/templates/console.js.erb within layouts/javascript (734.0ms)
  Rendered C:/Ruby22-x64/lib/ruby/gems/2.2.0/gems/web-console-2.3.0/lib/web_console/templates/main.js.erb within layouts/javascript (0.0ms)
  Rendered C:/Ruby22-x64/lib/ruby/gems/2.2.0/gems/web-console-2.3.0/lib/web_console/templates/error_page.js.erb within layouts/javascript (1.0ms)
  Rendered C:/Ruby22-x64/lib/ruby/gems/2.2.0/gems/web-console-2.3.0/lib/web_console/templates/index.html.erb (1670.1ms)


Started GET "/" for 127.0.0.1 at 2016-03-10 20:26:08 -0500
  [1m[36mActiveRecord::SchemaMigration Load (1.0ms)[0m  [1mSELECT "schema_migrations".* FROM "schema_migrations"[0m
Processing by PinsController#index as HTML
  [1m[35mPin Load (0.0ms)[0m  SELECT "pins".* FROM "pins"
  Rendered pins/index.erb within layouts/application (12.0ms)
Completed 200 OK in 3592ms (Views: 3575.0ms | ActiveRecord: 2.0ms)


Started GET "/assets/pins.self-e17e468373cf9483ed8ba9caeae10905088b0ed1bc3ce663a4d331edd3342f27.css?body=1" for 127.0.0.1 at 2016-03-10 20:26:12 -0500


Started GET "/assets/application.self-e7a2f61f11e45634a8aec5caf2b0ead9e7b1d10aa20ddfd12dcb28faa6ed5289.css?body=1" for 127.0.0.1 at 2016-03-10 20:26:12 -0500


Started GET "/assets/jquery.self-660adc51e0224b731d29f575a6f1ec167ba08ad06ed5deca4f1e8654c135bf4c.js?body=1" for 127.0.0.1 at 2016-03-10 20:26:12 -0500


Started GET "/assets/jquery_ujs.self-e87806d0cf4489aeb1bb7288016024e8de67fd18db693fe026fe3907581e53cd.js?body=1" for 127.0.0.1 at 2016-03-10 20:26:12 -0500


Started GET "/assets/cosmo-bootswatch-theme.self-c47e5de2daab674872713b8e1066b4ca5f69e2437ff6dd0ee3ffc4b21557fc00.css?body=1" for 127.0.0.1 at 2016-03-10 20:26:12 -0500


Started GET "/assets/turbolinks.self-6fb86ff58d930b560704818c7d9e5f60d83d65b91c6778c7f7e4210d5ba82127.js?body=1" for 127.0.0.1 at 2016-03-10 20:26:12 -0500


Started GET "/assets/application.self-3a3c8b61bda630ee689740ce7cbd0dd8ea6fdd45e2c42eef4661ab38cf268afe.js?body=1" for 127.0.0.1 at 2016-03-10 20:26:13 -0500


Started GET "/" for 127.0.0.1 at 2016-03-12 09:21:55 -0500
  [1m[36mActiveRecord::SchemaMigration Load (0.0ms)[0m  [1mSELECT "schema_migrations".* FROM "schema_migrations"[0m
Processing by PinsController#index as HTML
  [1m[35mPin Load (0.0ms)[0m  SELECT "pins".* FROM "pins"
  Rendered pins/index.erb within layouts/application (13.0ms)
Completed 200 OK in 360ms (Views: 342.8ms | ActiveRecord: 2.0ms)


Started GET "/" for 127.0.0.1 at 2016-03-12 09:21:56 -0500
Processing by PinsController#index as HTML
  [1m[36mPin Load (1.0ms)[0m  [1mSELECT "pins".* FROM "pins"[0m
  Rendered pins/index.erb within layouts/application (3.0ms)
Completed 200 OK in 106ms (Views: 105.1ms | ActiveRecord: 1.0ms)


Started GET "/assets/cosmo-bootswatch-theme.self-c47e5de2daab674872713b8e1066b4ca5f69e2437ff6dd0ee3ffc4b21557fc00.css?body=1" for 127.0.0.1 at 2016-03-12 09:21:56 -0500


Started GET "/assets/pins.self-e17e468373cf9483ed8ba9caeae10905088b0ed1bc3ce663a4d331edd3342f27.css?body=1" for 127.0.0.1 at 2016-03-12 09:21:56 -0500


Started GET "/assets/application.self-e7a2f61f11e45634a8aec5caf2b0ead9e7b1d10aa20ddfd12dcb28faa6ed5289.css?body=1" for 127.0.0.1 at 2016-03-12 09:21:56 -0500


Started GET "/assets/jquery.self-660adc51e0224b731d29f575a6f1ec167ba08ad06ed5deca4f1e8654c135bf4c.js?body=1" for 127.0.0.1 at 2016-03-12 09:21:56 -0500


Started GET "/assets/jquery_ujs.self-e87806d0cf4489aeb1bb7288016024e8de67fd18db693fe026fe3907581e53cd.js?body=1" for 127.0.0.1 at 2016-03-12 09:21:56 -0500


Started GET "/assets/turbolinks.self-6fb86ff58d930b560704818c7d9e5f60d83d65b91c6778c7f7e4210d5ba82127.js?body=1" for 127.0.0.1 at 2016-03-12 09:21:56 -0500


Started GET "/assets/application.self-3a3c8b61bda630ee689740ce7cbd0dd8ea6fdd45e2c42eef4661ab38cf268afe.js?body=1" for 127.0.0.1 at 2016-03-12 09:21:56 -0500


Started GET "/pins/1" for 127.0.0.1 at 2016-03-12 09:22:01 -0500
Processing by PinsController#show as HTML
  Parameters: {"id"=>"1"}
  [1m[35mPin Load (0.0ms)[0m  SELECT  "pins".* FROM "pins" WHERE "pins"."id" = $1 LIMIT 1  [["id", 1]]
  Rendered pins/show.erb within layouts/application (149.1ms)
Completed 500 Internal Server Error in 255ms

ActionView::Template::Error (undefined local variable or method `pin' for #<#<Class:0x000000082839a0>:0x000000084a49c8>):
    10:   <hr/>
    11:   <p>
    12:     <b>Visit <%= "#{@pin.title}" %> at: </b>
    13:     <a class="url" href="<%= "#{pin.url}" %>" target="_blank">
    14:       <%= "#{pin.url}" %>
    15:     </a>
    16:   </p>
  app/views/pins/show.erb:13:in `_app_views_pins_show_erb___686013874_69495720'


  Rendered C:/Ruby22-x64/lib/ruby/gems/2.2.0/gems/actionpack-4.2.0/lib/action_dispatch/middleware/templates/rescues/_source.erb (0.9ms)
  Rendered C:/Ruby22-x64/lib/ruby/gems/2.2.0/gems/actionpack-4.2.0/lib/action_dispatch/middleware/templates/rescues/_trace.html.erb (4.0ms)
  Rendered C:/Ruby22-x64/lib/ruby/gems/2.2.0/gems/actionpack-4.2.0/lib/action_dispatch/middleware/templates/rescues/_request_and_response.html.erb (1.0ms)
  Rendered C:/Ruby22-x64/lib/ruby/gems/2.2.0/gems/actionpack-4.2.0/lib/action_dispatch/middleware/templates/rescues/template_error.html.erb within rescues/layout (782.0ms)
  Rendered C:/Ruby22-x64/lib/ruby/gems/2.2.0/gems/web-console-2.3.0/lib/web_console/templates/_markup.html.erb (1.0ms)
  Rendered C:/Ruby22-x64/lib/ruby/gems/2.2.0/gems/web-console-2.3.0/lib/web_console/templates/_inner_console_markup.html.erb within layouts/inlined_string (0.0ms)
  Rendered C:/Ruby22-x64/lib/ruby/gems/2.2.0/gems/web-console-2.3.0/lib/web_console/templates/_prompt_box_markup.html.erb within layouts/inlined_string (1.0ms)
  Rendered C:/Ruby22-x64/lib/ruby/gems/2.2.0/gems/web-console-2.3.0/lib/web_console/templates/style.css.erb within layouts/inlined_string (0.0ms)
  Rendered C:/Ruby22-x64/lib/ruby/gems/2.2.0/gems/web-console-2.3.0/lib/web_console/templates/console.js.erb within layouts/javascript (728.0ms)
  Rendered C:/Ruby22-x64/lib/ruby/gems/2.2.0/gems/web-console-2.3.0/lib/web_console/templates/main.js.erb within layouts/javascript (0.0ms)
  Rendered C:/Ruby22-x64/lib/ruby/gems/2.2.0/gems/web-console-2.3.0/lib/web_console/templates/error_page.js.erb within layouts/javascript (0.0ms)
  Rendered C:/Ruby22-x64/lib/ruby/gems/2.2.0/gems/web-console-2.3.0/lib/web_console/templates/index.html.erb (1735.1ms)


Started GET "/pins/2" for 127.0.0.1 at 2016-03-12 09:22:04 -0500
Processing by PinsController#show as HTML
  Parameters: {"id"=>"2"}
  [1m[36mPin Load (0.0ms)[0m  [1mSELECT  "pins".* FROM "pins" WHERE "pins"."id" = $1 LIMIT 1[0m  [["id", 2]]
  Rendered pins/show.erb within layouts/application (108.0ms)
Completed 500 Internal Server Error in 195ms

ActionView::Template::Error (undefined local variable or method `pin' for #<#<Class:0x000000082839a0>:0x0000000cff8348>):
    10:   <hr/>
    11:   <p>
    12:     <b>Visit <%= "#{@pin.title}" %> at: </b>
    13:     <a class="url" href="<%= "#{pin.url}" %>" target="_blank">
    14:       <%= "#{pin.url}" %>
    15:     </a>
    16:   </p>
  app/views/pins/show.erb:13:in `_app_views_pins_show_erb___686013874_69495720'


  Rendered C:/Ruby22-x64/lib/ruby/gems/2.2.0/gems/actionpack-4.2.0/lib/action_dispatch/middleware/templates/rescues/_source.erb (1.0ms)
  Rendered C:/Ruby22-x64/lib/ruby/gems/2.2.0/gems/actionpack-4.2.0/lib/action_dispatch/middleware/templates/rescues/_trace.html.erb (4.0ms)
  Rendered C:/Ruby22-x64/lib/ruby/gems/2.2.0/gems/actionpack-4.2.0/lib/action_dispatch/middleware/templates/rescues/_request_and_response.html.erb (1.0ms)
  Rendered C:/Ruby22-x64/lib/ruby/gems/2.2.0/gems/actionpack-4.2.0/lib/action_dispatch/middleware/templates/rescues/template_error.html.erb within rescues/layout (811.0ms)
  Rendered C:/Ruby22-x64/lib/ruby/gems/2.2.0/gems/web-console-2.3.0/lib/web_console/templates/_markup.html.erb (1.0ms)
  Rendered C:/Ruby22-x64/lib/ruby/gems/2.2.0/gems/web-console-2.3.0/lib/web_console/templates/_inner_console_markup.html.erb within layouts/inlined_string (1.0ms)
  Rendered C:/Ruby22-x64/lib/ruby/gems/2.2.0/gems/web-console-2.3.0/lib/web_console/templates/_prompt_box_markup.html.erb within layouts/inlined_string (0.0ms)
  Rendered C:/Ruby22-x64/lib/ruby/gems/2.2.0/gems/web-console-2.3.0/lib/web_console/templates/style.css.erb within layouts/inlined_string (0.0ms)
  Rendered C:/Ruby22-x64/lib/ruby/gems/2.2.0/gems/web-console-2.3.0/lib/web_console/templates/console.js.erb within layouts/javascript (768.0ms)
  Rendered C:/Ruby22-x64/lib/ruby/gems/2.2.0/gems/web-console-2.3.0/lib/web_console/templates/main.js.erb within layouts/javascript (0.0ms)
  Rendered C:/Ruby22-x64/lib/ruby/gems/2.2.0/gems/web-console-2.3.0/lib/web_console/templates/error_page.js.erb within layouts/javascript (0.0ms)
  Rendered C:/Ruby22-x64/lib/ruby/gems/2.2.0/gems/web-console-2.3.0/lib/web_console/templates/index.html.erb (1851.1ms)


Started GET "/pins/3" for 127.0.0.1 at 2016-03-12 09:22:08 -0500
Processing by PinsController#show as HTML
  Parameters: {"id"=>"3"}
  [1m[35mPin Load (0.0ms)[0m  SELECT  "pins".* FROM "pins" WHERE "pins"."id" = $1 LIMIT 1  [["id", 3]]
  Rendered pins/show.erb within layouts/application (86.0ms)
Completed 500 Internal Server Error in 177ms

ActionView::Template::Error (undefined local variable or method `pin' for #<#<Class:0x000000082839a0>:0x0000000ac1f9f8>):
    10:   <hr/>
    11:   <p>
    12:     <b>Visit <%= "#{@pin.title}" %> at: </b>
    13:     <a class="url" href="<%= "#{pin.url}" %>" target="_blank">
    14:       <%= "#{pin.url}" %>
    15:     </a>
    16:   </p>
  app/views/pins/show.erb:13:in `_app_views_pins_show_erb___686013874_69495720'


  Rendered C:/Ruby22-x64/lib/ruby/gems/2.2.0/gems/actionpack-4.2.0/lib/action_dispatch/middleware/templates/rescues/_source.erb (1.0ms)
  Rendered C:/Ruby22-x64/lib/ruby/gems/2.2.0/gems/actionpack-4.2.0/lib/action_dispatch/middleware/templates/rescues/_trace.html.erb (5.1ms)
  Rendered C:/Ruby22-x64/lib/ruby/gems/2.2.0/gems/actionpack-4.2.0/lib/action_dispatch/middleware/templates/rescues/_request_and_response.html.erb (0.0ms)
  Rendered C:/Ruby22-x64/lib/ruby/gems/2.2.0/gems/actionpack-4.2.0/lib/action_dispatch/middleware/templates/rescues/template_error.html.erb within rescues/layout (808.0ms)
  Rendered C:/Ruby22-x64/lib/ruby/gems/2.2.0/gems/web-console-2.3.0/lib/web_console/templates/_markup.html.erb (0.0ms)
  Rendered C:/Ruby22-x64/lib/ruby/gems/2.2.0/gems/web-console-2.3.0/lib/web_console/templates/_inner_console_markup.html.erb within layouts/inlined_string (0.9ms)
  Rendered C:/Ruby22-x64/lib/ruby/gems/2.2.0/gems/web-console-2.3.0/lib/web_console/templates/_prompt_box_markup.html.erb within layouts/inlined_string (0.0ms)
  Rendered C:/Ruby22-x64/lib/ruby/gems/2.2.0/gems/web-console-2.3.0/lib/web_console/templates/style.css.erb within layouts/inlined_string (0.0ms)
  Rendered C:/Ruby22-x64/lib/ruby/gems/2.2.0/gems/web-console-2.3.0/lib/web_console/templates/console.js.erb within layouts/javascript (771.0ms)
  Rendered C:/Ruby22-x64/lib/ruby/gems/2.2.0/gems/web-console-2.3.0/lib/web_console/templates/main.js.erb within layouts/javascript (1.0ms)
  Rendered C:/Ruby22-x64/lib/ruby/gems/2.2.0/gems/web-console-2.3.0/lib/web_console/templates/error_page.js.erb within layouts/javascript (1.0ms)
  Rendered C:/Ruby22-x64/lib/ruby/gems/2.2.0/gems/web-console-2.3.0/lib/web_console/templates/index.html.erb (1712.1ms)


Started GET "/pins/4" for 127.0.0.1 at 2016-03-12 09:22:11 -0500
Processing by PinsController#show as HTML
  Parameters: {"id"=>"4"}
  [1m[36mPin Load (0.0ms)[0m  [1mSELECT  "pins".* FROM "pins" WHERE "pins"."id" = $1 LIMIT 1[0m  [["id", 4]]
  Rendered pins/show.erb within layouts/application (89.0ms)
Completed 500 Internal Server Error in 177ms

ActionView::Template::Error (undefined local variable or method `pin' for #<#<Class:0x000000082839a0>:0x0000000baa6e90>):
    10:   <hr/>
    11:   <p>
    12:     <b>Visit <%= "#{@pin.title}" %> at: </b>
    13:     <a class="url" href="<%= "#{pin.url}" %>" target="_blank">
    14:       <%= "#{pin.url}" %>
    15:     </a>
    16:   </p>
  app/views/pins/show.erb:13:in `_app_views_pins_show_erb___686013874_69495720'


  Rendered C:/Ruby22-x64/lib/ruby/gems/2.2.0/gems/actionpack-4.2.0/lib/action_dispatch/middleware/templates/rescues/_source.erb (1.0ms)
  Rendered C:/Ruby22-x64/lib/ruby/gems/2.2.0/gems/actionpack-4.2.0/lib/action_dispatch/middleware/templates/rescues/_trace.html.erb (7.0ms)
  Rendered C:/Ruby22-x64/lib/ruby/gems/2.2.0/gems/actionpack-4.2.0/lib/action_dispatch/middleware/templates/rescues/_request_and_response.html.erb (2.0ms)
  Rendered C:/Ruby22-x64/lib/ruby/gems/2.2.0/gems/actionpack-4.2.0/lib/action_dispatch/middleware/templates/rescues/template_error.html.erb within rescues/layout (840.0ms)
  Rendered C:/Ruby22-x64/lib/ruby/gems/2.2.0/gems/web-console-2.3.0/lib/web_console/templates/_markup.html.erb (0.0ms)
  Rendered C:/Ruby22-x64/lib/ruby/gems/2.2.0/gems/web-console-2.3.0/lib/web_console/templates/_inner_console_markup.html.erb within layouts/inlined_string (0.0ms)
  Rendered C:/Ruby22-x64/lib/ruby/gems/2.2.0/gems/web-console-2.3.0/lib/web_console/templates/_prompt_box_markup.html.erb within layouts/inlined_string (1.0ms)
  Rendered C:/Ruby22-x64/lib/ruby/gems/2.2.0/gems/web-console-2.3.0/lib/web_console/templates/style.css.erb within layouts/inlined_string (0.9ms)
  Rendered C:/Ruby22-x64/lib/ruby/gems/2.2.0/gems/web-console-2.3.0/lib/web_console/templates/console.js.erb within layouts/javascript (778.1ms)
  Rendered C:/Ruby22-x64/lib/ruby/gems/2.2.0/gems/web-console-2.3.0/lib/web_console/templates/main.js.erb within layouts/javascript (0.0ms)
  Rendered C:/Ruby22-x64/lib/ruby/gems/2.2.0/gems/web-console-2.3.0/lib/web_console/templates/error_page.js.erb within layouts/javascript (1.0ms)
  Rendered C:/Ruby22-x64/lib/ruby/gems/2.2.0/gems/web-console-2.3.0/lib/web_console/templates/index.html.erb (1734.0ms)


Started GET "/pins/4" for 127.0.0.1 at 2016-03-12 09:22:14 -0500
Processing by PinsController#show as HTML
  Parameters: {"id"=>"4"}
  [1m[35mPin Load (1.0ms)[0m  SELECT  "pins".* FROM "pins" WHERE "pins"."id" = $1 LIMIT 1  [["id", 4]]
  Rendered pins/show.erb within layouts/application (91.0ms)
Completed 500 Internal Server Error in 176ms

ActionView::Template::Error (undefined local variable or method `pin' for #<#<Class:0x000000082839a0>:0x0000000c50d730>):
    10:   <hr/>
    11:   <p>
    12:     <b>Visit <%= "#{@pin.title}" %> at: </b>
    13:     <a class="url" href="<%= "#{pin.url}" %>" target="_blank">
    14:       <%= "#{pin.url}" %>
    15:     </a>
    16:   </p>
  app/views/pins/show.erb:13:in `_app_views_pins_show_erb___686013874_103310060'


  Rendered C:/Ruby22-x64/lib/ruby/gems/2.2.0/gems/actionpack-4.2.0/lib/action_dispatch/middleware/templates/rescues/_source.erb (1.0ms)
  Rendered C:/Ruby22-x64/lib/ruby/gems/2.2.0/gems/actionpack-4.2.0/lib/action_dispatch/middleware/templates/rescues/_trace.html.erb (5.0ms)
  Rendered C:/Ruby22-x64/lib/ruby/gems/2.2.0/gems/actionpack-4.2.0/lib/action_dispatch/middleware/templates/rescues/_request_and_response.html.erb (1.0ms)
  Rendered C:/Ruby22-x64/lib/ruby/gems/2.2.0/gems/actionpack-4.2.0/lib/action_dispatch/middleware/templates/rescues/template_error.html.erb within rescues/layout (852.0ms)
  Rendered C:/Ruby22-x64/lib/ruby/gems/2.2.0/gems/web-console-2.3.0/lib/web_console/templates/_markup.html.erb (0.0ms)
  Rendered C:/Ruby22-x64/lib/ruby/gems/2.2.0/gems/web-console-2.3.0/lib/web_console/templates/_inner_console_markup.html.erb within layouts/inlined_string (0.0ms)
  Rendered C:/Ruby22-x64/lib/ruby/gems/2.2.0/gems/web-console-2.3.0/lib/web_console/templates/_prompt_box_markup.html.erb within layouts/inlined_string (0.0ms)
  Rendered C:/Ruby22-x64/lib/ruby/gems/2.2.0/gems/web-console-2.3.0/lib/web_console/templates/style.css.erb within layouts/inlined_string (0.0ms)
  Rendered C:/Ruby22-x64/lib/ruby/gems/2.2.0/gems/web-console-2.3.0/lib/web_console/templates/console.js.erb within layouts/javascript (760.0ms)
  Rendered C:/Ruby22-x64/lib/ruby/gems/2.2.0/gems/web-console-2.3.0/lib/web_console/templates/main.js.erb within layouts/javascript (0.0ms)
  Rendered C:/Ruby22-x64/lib/ruby/gems/2.2.0/gems/web-console-2.3.0/lib/web_console/templates/error_page.js.erb within layouts/javascript (1.0ms)
  Rendered C:/Ruby22-x64/lib/ruby/gems/2.2.0/gems/web-console-2.3.0/lib/web_console/templates/index.html.erb (1779.1ms)


Started GET "/pins/1" for 127.0.0.1 at 2016-03-12 09:24:40 -0500
Processing by PinsController#show as HTML
  Parameters: {"id"=>"1"}
  [1m[36mPin Load (1.0ms)[0m  [1mSELECT  "pins".* FROM "pins" WHERE "pins"."id" = $1 LIMIT 1[0m  [["id", 1]]
  Rendered pins/show.erb within layouts/application (82.0ms)
Completed 500 Internal Server Error in 196ms

ActionView::Template::Error (undefined local variable or method `pin' for #<#<Class:0x000000082839a0>:0x0000000b352658>):
    10:   <hr/>
    11:   <p>
    12:     <b>Visit <%= "#{@pin.title}" %> at: </b>
    13:     <a class="url" href="<%= "#{pin.url}" %>" target="_blank">
    14:       <%= "#{pin.url}" %>
    15:     </a>
    16:   </p>
  app/views/pins/show.erb:13:in `_app_views_pins_show_erb___686013874_69495720'


  Rendered C:/Ruby22-x64/lib/ruby/gems/2.2.0/gems/actionpack-4.2.0/lib/action_dispatch/middleware/templates/rescues/_source.erb (1.0ms)
  Rendered C:/Ruby22-x64/lib/ruby/gems/2.2.0/gems/actionpack-4.2.0/lib/action_dispatch/middleware/templates/rescues/_trace.html.erb (7.0ms)
  Rendered C:/Ruby22-x64/lib/ruby/gems/2.2.0/gems/actionpack-4.2.0/lib/action_dispatch/middleware/templates/rescues/_request_and_response.html.erb (1.0ms)
  Rendered C:/Ruby22-x64/lib/ruby/gems/2.2.0/gems/actionpack-4.2.0/lib/action_dispatch/middleware/templates/rescues/template_error.html.erb within rescues/layout (792.0ms)
  Rendered C:/Ruby22-x64/lib/ruby/gems/2.2.0/gems/web-console-2.3.0/lib/web_console/templates/_markup.html.erb (1.0ms)
  Rendered C:/Ruby22-x64/lib/ruby/gems/2.2.0/gems/web-console-2.3.0/lib/web_console/templates/_inner_console_markup.html.erb within layouts/inlined_string (0.0ms)
  Rendered C:/Ruby22-x64/lib/ruby/gems/2.2.0/gems/web-console-2.3.0/lib/web_console/templates/_prompt_box_markup.html.erb within layouts/inlined_string (0.0ms)
  Rendered C:/Ruby22-x64/lib/ruby/gems/2.2.0/gems/web-console-2.3.0/lib/web_console/templates/style.css.erb within layouts/inlined_string (0.0ms)
  Rendered C:/Ruby22-x64/lib/ruby/gems/2.2.0/gems/web-console-2.3.0/lib/web_console/templates/console.js.erb within layouts/javascript (715.0ms)
  Rendered C:/Ruby22-x64/lib/ruby/gems/2.2.0/gems/web-console-2.3.0/lib/web_console/templates/main.js.erb within layouts/javascript (0.0ms)
  Rendered C:/Ruby22-x64/lib/ruby/gems/2.2.0/gems/web-console-2.3.0/lib/web_console/templates/error_page.js.erb within layouts/javascript (1.0ms)
  Rendered C:/Ruby22-x64/lib/ruby/gems/2.2.0/gems/web-console-2.3.0/lib/web_console/templates/index.html.erb (1687.1ms)


Started GET "/pins/1" for 127.0.0.1 at 2016-03-12 09:24:43 -0500
Processing by PinsController#show as HTML
  Parameters: {"id"=>"1"}
  [1m[35mPin Load (0.0ms)[0m  SELECT  "pins".* FROM "pins" WHERE "pins"."id" = $1 LIMIT 1  [["id", 1]]
  Rendered pins/show.erb within layouts/application (79.0ms)
Completed 500 Internal Server Error in 157ms

ActionView::Template::Error (undefined local variable or method `pin' for #<#<Class:0x000000082839a0>:0x0000000a8d8948>):
    10:   <hr/>
    11:   <p>
    12:     <b>Visit <%= "#{@pin.title}" %> at: </b>
    13:     <a class="url" href="<%= "#{pin.url}" %>" target="_blank">
    14:       <%= "#{pin.url}" %>
    15:     </a>
    16:   </p>
  app/views/pins/show.erb:13:in `_app_views_pins_show_erb___686013874_103310060'


  Rendered C:/Ruby22-x64/lib/ruby/gems/2.2.0/gems/actionpack-4.2.0/lib/action_dispatch/middleware/templates/rescues/_source.erb (0.0ms)
  Rendered C:/Ruby22-x64/lib/ruby/gems/2.2.0/gems/actionpack-4.2.0/lib/action_dispatch/middleware/templates/rescues/_trace.html.erb (5.0ms)
  Rendered C:/Ruby22-x64/lib/ruby/gems/2.2.0/gems/actionpack-4.2.0/lib/action_dispatch/middleware/templates/rescues/_request_and_response.html.erb (1.0ms)
  Rendered C:/Ruby22-x64/lib/ruby/gems/2.2.0/gems/actionpack-4.2.0/lib/action_dispatch/middleware/templates/rescues/template_error.html.erb within rescues/layout (861.0ms)
  Rendered C:/Ruby22-x64/lib/ruby/gems/2.2.0/gems/web-console-2.3.0/lib/web_console/templates/_markup.html.erb (1.0ms)
  Rendered C:/Ruby22-x64/lib/ruby/gems/2.2.0/gems/web-console-2.3.0/lib/web_console/templates/_inner_console_markup.html.erb within layouts/inlined_string (1.0ms)
  Rendered C:/Ruby22-x64/lib/ruby/gems/2.2.0/gems/web-console-2.3.0/lib/web_console/templates/_prompt_box_markup.html.erb within layouts/inlined_string (0.9ms)
  Rendered C:/Ruby22-x64/lib/ruby/gems/2.2.0/gems/web-console-2.3.0/lib/web_console/templates/style.css.erb within layouts/inlined_string (0.0ms)
  Rendered C:/Ruby22-x64/lib/ruby/gems/2.2.0/gems/web-console-2.3.0/lib/web_console/templates/console.js.erb within layouts/javascript (791.0ms)
  Rendered C:/Ruby22-x64/lib/ruby/gems/2.2.0/gems/web-console-2.3.0/lib/web_console/templates/main.js.erb within layouts/javascript (0.0ms)
  Rendered C:/Ruby22-x64/lib/ruby/gems/2.2.0/gems/web-console-2.3.0/lib/web_console/templates/error_page.js.erb within layouts/javascript (0.0ms)
  Rendered C:/Ruby22-x64/lib/ruby/gems/2.2.0/gems/web-console-2.3.0/lib/web_console/templates/index.html.erb (1789.1ms)
